[bracketweb.com/trevlo-html/index-5.html]
[backblue.gif]
[fade.gif]
[index.html]
[bracketweb.com/trevlo-html/assets/images/favicons/apple-touch-icon.png]
[bracketweb.com/trevlo-html/assets/images/favicons/favicon-32x32.png]
[bracketweb.com/trevlo-html/assets/images/favicons/favicon-16x16.png]
[bracketweb.com/trevlo-html/assets/images/favicons/site.webmanifest]
[bracketweb.com/trevlo-html/assets/vendors/bootstrap/css/bootstrap.min.css]
[bracketweb.com/trevlo-html/assets/vendors/bootstrap-select/bootstrap-select.min.css]
[bracketweb.com/trevlo-html/assets/vendors/animate/animate.min.css]
[bracketweb.com/trevlo-html/assets/vendors/fontawesome/css/all.min.css]
[bracketweb.com/trevlo-html/assets/vendors/jquery-ui/jquery-ui.css]
[bracketweb.com/trevlo-html/assets/vendors/jarallax/jarallax.css]
[bracketweb.com/trevlo-html/assets/vendors/jquery-magnific-popup/jquery.magnific-popup.css]
[bracketweb.com/trevlo-html/assets/vendors/nouislider/nouislider.min.css]
[bracketweb.com/trevlo-html/assets/vendors/nouislider/nouislider.pips.css]
[bracketweb.com/trevlo-html/assets/vendors/tiny-slider/tiny-slider.css]
[bracketweb.com/trevlo-html/assets/vendors/trevlo-icons/style.css]
[bracketweb.com/trevlo-html/assets/vendors/trevlo-one-icons/style.css]
[bracketweb.com/trevlo-html/assets/vendors/daterangepicker-master/daterangepicker.css]
[bracketweb.com/trevlo-html/assets/vendors/owl-carousel/css/owl.carousel.min.css]
[bracketweb.com/trevlo-html/assets/vendors/owl-carousel/css/owl.theme.default.min.css]
[bracketweb.com/trevlo-html/assets/css/trevlo.css]
[bracketweb.com/trevlo-html/assets/css/color-1.css]
[bracketweb.com/trevlo-html/assets/images/loader-3.png]
[bracketweb.com/trevlo-html/index.html]
[bracketweb.com/trevlo-html/assets/images/logo-light-2.png]
[bracketweb.com/trevlo-html/assets/images/logo-light-4.png]
[bracketweb.com/trevlo-html/assets/images/landing/home-4.jpg]
[bracketweb.com/trevlo-html/index-4.html]
[bracketweb.com/trevlo-html/index-4-one-page.html]
[bracketweb.com/trevlo-html/assets/images/landing/home-5.jpg]
[bracketweb.com/trevlo-html/index-5-one-page.html]
[bracketweb.com/trevlo-html/assets/images/landing/home-1.jpg]
[bracketweb.com/trevlo-html/index-one-page.html]
[bracketweb.com/trevlo-html/assets/images/landing/home-2.jpg]
[bracketweb.com/trevlo-html/index-2.html]
[bracketweb.com/trevlo-html/assets/images/landing/home-3.jpg]
[bracketweb.com/trevlo-html/index-2-one-page.html]
[bracketweb.com/trevlo-html/index-3.html]
[bracketweb.com/trevlo-html/index-3-one-page.html]
[bracketweb.com/trevlo-html/assets/images/landing/home-dark.jpg]
[bracketweb.com/trevlo-html/index-dark.html]
[bracketweb.com/trevlo-html/assets/images/landing/home-boxed.jpg]
[bracketweb.com/trevlo-html/index-boxed.html]
[bracketweb.com/trevlo-html/assets/images/landing/home-rtl.jpg]
[bracketweb.com/trevlo-html/index-rtl.html]
[bracketweb.com/trevlo-html/about.html]
[bracketweb.com/trevlo-html/destination-1.html]
[bracketweb.com/trevlo-html/destination-2.html]
[bracketweb.com/trevlo-html/destination-carousel.html]
[bracketweb.com/trevlo-html/destination-carousel-2.html]
[bracketweb.com/trevlo-html/destination-details.html]
[bracketweb.com/trevlo-html/destination-details-left.html]
[bracketweb.com/trevlo-html/tour-listing-1.html]
[bracketweb.com/trevlo-html/destination-details-right.html]
[bracketweb.com/trevlo-html/tour-listing-2.html]
[bracketweb.com/trevlo-html/tour-listing-carousel-1.html]
[bracketweb.com/trevlo-html/tour-listing-carousel-2.html]
[bracketweb.com/trevlo-html/tour-listing-top-search.html]
[bracketweb.com/trevlo-html/tour-listing-side-filter.html]
[bracketweb.com/trevlo-html/tour-listing-side-filter-left.html]
[bracketweb.com/trevlo-html/tour-listing-side-filter-right.html]
[bracketweb.com/trevlo-html/tour-listing-list-style.html]
[bracketweb.com/trevlo-html/tour-listing-list-style-left.html]
[bracketweb.com/trevlo-html/tour-listing-list-style-right.html]
[bracketweb.com/trevlo-html/tour-listing-details.html]
[bracketweb.com/trevlo-html/tour-listing-details-left.html]
[bracketweb.com/trevlo-html/tour-listing-details-right.html]
[bracketweb.com/trevlo-html/tour-listing-details-2.html]
[bracketweb.com/trevlo-html/tour-listing-details-2-left.html]
[bracketweb.com/trevlo-html/tour-listing-details-2-right.html]
[bracketweb.com/trevlo-html/our-guide.html]
[bracketweb.com/trevlo-html/our-guide-carousel.html]
[bracketweb.com/trevlo-html/gallery.html]
[bracketweb.com/trevlo-html/gallery-carousel.html]
[bracketweb.com/trevlo-html/faq.html]
[bracketweb.com/trevlo-html/pricing.html]
[bracketweb.com/trevlo-html/pricing-carousel.html]
[bracketweb.com/trevlo-html/login.html]
[bracketweb.com/trevlo-html/404.html]
[bracketweb.com/trevlo-html/products.html]
[bracketweb.com/trevlo-html/products-left.html]
[bracketweb.com/trevlo-html/products-right.html]
[bracketweb.com/trevlo-html/products-carousel.html]
[bracketweb.com/trevlo-html/product-details.html]
[bracketweb.com/trevlo-html/cart.html]
[bracketweb.com/trevlo-html/checkout.html]
[bracketweb.com/trevlo-html/blog-grid.html]
[bracketweb.com/trevlo-html/blog-grid-left.html]
[bracketweb.com/trevlo-html/blog-grid-right.html]
[bracketweb.com/trevlo-html/blog-list.html]
[bracketweb.com/trevlo-html/blog-list-left.html]
[bracketweb.com/trevlo-html/blog-list-right.html]
[bracketweb.com/trevlo-html/blog-carousel.html]
[bracketweb.com/trevlo-html/blog-details.html]
[bracketweb.com/trevlo-html/blog-details-left.html]
[bracketweb.com/trevlo-html/blog-details-right.html]
[bracketweb.com/trevlo-html/contact.html]
[bracketweb.com/trevlo-html/assets/images/backgrounds/slider-5-1.jpg]
[bracketweb.com/trevlo-html/assets/images/shapes/slider-cloud-5-1.png]
[bracketweb.com/trevlo-html/assets/images/shapes/slider-shape-5-2.png]
[bracketweb.com/trevlo-html/assets/images/shapes/slider-shape-5-3.png]
[bracketweb.com/trevlo-html/assets/images/backgrounds/slider-5-2.jpg]
[bracketweb.com/trevlo-html/assets/images/backgrounds/slider-5-3.jpg]
[bracketweb.com/trevlo-html/assets/images/about/about-6-1.jpg]
[bracketweb.com/trevlo-html/assets/images/about/about-6-2.jpg]
[bracketweb.com/trevlo-html/assets/images/shapes/about-mountain-6-1.png]
[bracketweb.com/trevlo-html/assets/images/shapes/about-parashoot-6-1.png]
[bracketweb.com/trevlo-html/assets/images/shapes/tour-shape-bg-5-1.png]
[bracketweb.com/trevlo-html/assets/images/tours/tour-7-1.jpg]
[bracketweb.com/trevlo-html/assets/images/tours/tour-7-2.jpg]
[bracketweb.com/trevlo-html/assets/images/tours/tour-7-3.jpg]
[bracketweb.com/trevlo-html/assets/images/tours/tour-7-4.jpg]
[bracketweb.com/trevlo-html/assets/images/shapes/tour-shape-5-1.png]
[bracketweb.com/trevlo-html/assets/images/backgrounds/feature-bg-2-1.jpg]
[bracketweb.com/trevlo-html/assets/images/shapes/feature-author-bg-2-1.png]
[bracketweb.com/trevlo-html/assets/images/resources/author-1.png]
[bracketweb.com/trevlo-html/assets/images/resources/author-2.png]
[bracketweb.com/trevlo-html/assets/images/resources/author-3.png]
[bracketweb.com/trevlo-html/assets/images/resources/author-4.png]
[bracketweb.com/trevlo-html/assets/images/resources/feature-author-image-2-1.jpg]
[bracketweb.com/trevlo-html/assets/images/shapes/destination-bg-5-1.png]
[bracketweb.com/trevlo-html/assets/images/destination/destination-5-1-1.jpg]
[bracketweb.com/trevlo-html/assets/images/destination/destination-5-2-1.jpg]
[bracketweb.com/trevlo-html/assets/images/destination/destination-5-3-1.jpg]
[bracketweb.com/trevlo-html/assets/images/destination/destination-5-4-1.jpg]
[bracketweb.com/trevlo-html/assets/images/destination/destination-5-5-1.jpg]
[bracketweb.com/trevlo-html/assets/images/destination/destination-5-1-2.jpg]
[bracketweb.com/trevlo-html/assets/images/destination/destination-5-2-2.jpg]
[bracketweb.com/trevlo-html/assets/images/destination/destination-5-3-2.jpg]
[bracketweb.com/trevlo-html/assets/images/destination/destination-5-4-2.jpg]
[bracketweb.com/trevlo-html/assets/images/destination/destination-5-5-2.jpg]
[bracketweb.com/trevlo-html/assets/images/destination/destination-5-1-3.jpg]
[bracketweb.com/trevlo-html/assets/images/destination/destination-5-2-3.jpg]
[bracketweb.com/trevlo-html/assets/images/destination/destination-5-3-3.jpg]
[bracketweb.com/trevlo-html/assets/images/destination/destination-5-4-3.jpg]
[bracketweb.com/trevlo-html/assets/images/destination/destination-5-5-3.jpg]
[bracketweb.com/trevlo-html/assets/images/destination/destination-5-1-4.jpg]
[bracketweb.com/trevlo-html/assets/images/destination/destination-5-2-4.jpg]
[bracketweb.com/trevlo-html/assets/images/destination/destination-5-3-4.jpg]
[bracketweb.com/trevlo-html/assets/images/destination/destination-5-4-4.jpg]
[bracketweb.com/trevlo-html/assets/images/destination/destination-5-5-4.jpg]
[bracketweb.com/trevlo-html/assets/images/backgrounds/offer-bg-3-1.jpg]
[bracketweb.com/trevlo-html/assets/images/offer/offer-3-1.png]
[bracketweb.com/trevlo-html/assets/images/shapes/offer-border-3-2.png]
[bracketweb.com/trevlo-html/assets/images/shapes/offer-border-3-3.png]
[bracketweb.com/trevlo-html/assets/images/backgrounds/testimonial-bg-4-1.jpg]
[bracketweb.com/trevlo-html/assets/images/testimonial/testimonial-4-1.jpg]
[bracketweb.com/trevlo-html/assets/images/testimonial/testimonial-4-2.jpg]
[bracketweb.com/trevlo-html/assets/images/shapes/client-carousel-shape-bg-2-1.png]
[bracketweb.com/trevlo-html/assets/images/resources/brand-4-1.png]
[bracketweb.com/trevlo-html/assets/images/resources/brand-4-1-hover.png]
[bracketweb.com/trevlo-html/assets/images/resources/brand-4-2.png]
[bracketweb.com/trevlo-html/assets/images/resources/brand-4-2-hover.png]
[bracketweb.com/trevlo-html/assets/images/resources/brand-4-3.png]
[bracketweb.com/trevlo-html/assets/images/resources/brand-4-3-hover.png]
[bracketweb.com/trevlo-html/assets/images/resources/brand-4-4.png]
[bracketweb.com/trevlo-html/assets/images/resources/brand-4-4-hover.png]
[bracketweb.com/trevlo-html/assets/images/resources/brand-4-5.png]
[bracketweb.com/trevlo-html/assets/images/resources/brand-4-5-hover.png]
[bracketweb.com/trevlo-html/assets/images/gallery/gallery-instagram-1-1.png]
[bracketweb.com/trevlo-html/assets/images/gallery/gallery-instagram-1-2.png]
[bracketweb.com/trevlo-html/assets/images/gallery/gallery-instagram-1-3.png]
[bracketweb.com/trevlo-html/assets/images/gallery/gallery-instagram-1-4.png]
[bracketweb.com/trevlo-html/assets/images/gallery/gallery-instagram-1-5.png]
[bracketweb.com/trevlo-html/assets/images/blog/blog-5-1.jpg]
[bracketweb.com/trevlo-html/assets/images/blog/blog-5-2.jpg]
[bracketweb.com/trevlo-html/assets/images/blog/blog-5-3.jpg]
[bracketweb.com/trevlo-html/assets/images/shapes/footer-bg-3-1.png]
[bracketweb.com/trevlo-html/assets/images/gallery/footer-widget-gallery-1.jpg]
[bracketweb.com/trevlo-html/assets/images/gallery/footer-widget-gallery-2.jpg]
[bracketweb.com/trevlo-html/assets/images/gallery/footer-widget-gallery-3.jpg]
[bracketweb.com/trevlo-html/assets/images/gallery/footer-widget-gallery-4.jpg]
[bracketweb.com/trevlo-html/assets/images/gallery/footer-widget-gallery-5.jpg]
[bracketweb.com/trevlo-html/assets/images/gallery/footer-widget-gallery-6.jpg]
[bracketweb.com/trevlo-html/assets/images/shapes/footer-shape-3-1.png]
[bracketweb.com/trevlo-html/assets/images/shapes/footer-shape-3-2.png]
[bracketweb.com/trevlo-html/assets/vendors/jquery/jquery-3.7.0.min.js]
[bracketweb.com/trevlo-html/assets/vendors/bootstrap/js/bootstrap.bundle.min.js]
[bracketweb.com/trevlo-html/assets/vendors/bootstrap-select/bootstrap-select.min.js]
[bracketweb.com/trevlo-html/assets/vendors/jarallax/jarallax.min.js]
[bracketweb.com/trevlo-html/assets/vendors/jquery-ajaxchimp/jquery.ajaxchimp.min.js]
[bracketweb.com/trevlo-html/assets/vendors/jquery-ui/jquery-ui.js]
[bracketweb.com/trevlo-html/assets/vendors/jquery-appear/jquery.appear.min.js]
[bracketweb.com/trevlo-html/assets/vendors/jquery-circle-progress/jquery.circle-progress.min.js]
[bracketweb.com/trevlo-html/assets/vendors/jquery-magnific-popup/jquery.magnific-popup.min.js]
[bracketweb.com/trevlo-html/assets/vendors/jquery-validate/jquery.validate.min.js]
[bracketweb.com/trevlo-html/assets/vendors/nouislider/nouislider.min.js]
[bracketweb.com/trevlo-html/assets/vendors/tiny-slider/tiny-slider.js]
[bracketweb.com/trevlo-html/assets/vendors/wnumb/wNumb.min.js]
[bracketweb.com/trevlo-html/assets/vendors/owl-carousel/js/owl.carousel.min.js]
[bracketweb.com/trevlo-html/assets/vendors/owl-carousel/js/owlcarousel2-filter.min.js]
[bracketweb.com/trevlo-html/assets/vendors/wow/wow.js]
[bracketweb.com/trevlo-html/assets/vendors/tilt/tilt.jquery.js]
[bracketweb.com/trevlo-html/assets/vendors/simpleParallax/simpleParallax.min.js]
[bracketweb.com/trevlo-html/assets/vendors/imagesloaded/imagesloaded.min.js]
[bracketweb.com/trevlo-html/assets/vendors/isotope/isotope.js]
[bracketweb.com/trevlo-html/assets/vendors/countdown/countdown.min.js]
[bracketweb.com/trevlo-html/assets/vendors/daterangepicker-master/moment.min.js]
[bracketweb.com/trevlo-html/assets/vendors/daterangepicker-master/daterangepicker.js]
[bracketweb.com/trevlo-html/assets/vendors/jquery-circleType/jquery.circleType.js]
[bracketweb.com/trevlo-html/assets/vendors/jquery-lettering/jquery.lettering.min.js]
[bracketweb.com/trevlo-html/assets/js/trevlo.js]
[bracketweb.com/trevlo-html/index-5.html]
[bracketweb.com/trevlo-html/assets/vendors/bootstrap/css/bootstrap.min.css]
[bracketweb.com/trevlo-html/assets/vendors/bootstrap-select/bootstrap-select.min.css]
[bracketweb.com/trevlo-html/assets/vendors/animate/animate.min.css]
[bracketweb.com/trevlo-html/assets/vendors/fontawesome/webfonts/fa-brands-400.eot]
[bracketweb.com/trevlo-html/assets/vendors/fontawesome/webfonts/fa-brands-400d41d.eot]
[bracketweb.com/trevlo-html/assets/vendors/fontawesome/webfonts/fa-brands-400.woff2]
[bracketweb.com/trevlo-html/assets/vendors/fontawesome/webfonts/fa-brands-400.woff]
[bracketweb.com/trevlo-html/assets/vendors/fontawesome/webfonts/fa-brands-400.ttf]
[bracketweb.com/trevlo-html/assets/vendors/fontawesome/webfonts/fa-regular-400.eot]
[bracketweb.com/trevlo-html/assets/vendors/fontawesome/webfonts/fa-regular-400d41d.eot]
[bracketweb.com/trevlo-html/assets/vendors/fontawesome/webfonts/fa-regular-400.woff2]
[bracketweb.com/trevlo-html/assets/vendors/fontawesome/webfonts/fa-regular-400.woff]
[bracketweb.com/trevlo-html/assets/vendors/fontawesome/webfonts/fa-regular-400.ttf]
[bracketweb.com/trevlo-html/assets/vendors/fontawesome/webfonts/fa-regular-400.svg]
[bracketweb.com/trevlo-html/assets/vendors/fontawesome/webfonts/fa-solid-900.eot]
[bracketweb.com/trevlo-html/assets/vendors/fontawesome/webfonts/fa-solid-900.woff2]
[bracketweb.com/trevlo-html/assets/vendors/fontawesome/webfonts/fa-solid-900.woff]
[bracketweb.com/trevlo-html/assets/vendors/fontawesome/webfonts/fa-solid-900.ttf]
[bracketweb.com/trevlo-html/assets/vendors/fontawesome/webfonts/fa-brands-400.svg]
[bracketweb.com/trevlo-html/assets/vendors/fontawesome/webfonts/fa-solid-900d41d.eot]
[bracketweb.com/trevlo-html/assets/vendors/fontawesome/css/all.min.css]
[bracketweb.com/trevlo-html/assets/vendors/jquery-ui/images/ui-bg_highlight-soft_75_cccccc_1x100.png]
[bracketweb.com/trevlo-html/assets/vendors/fontawesome/webfonts/fa-solid-900.svg]
[bracketweb.com/trevlo-html/assets/vendors/jquery-ui/images/ui-bg_glass_75_e6e6e6_1x400.png]
[bracketweb.com/trevlo-html/assets/vendors/jquery-ui/images/ui-bg_glass_75_dadada_1x400.png]
[bracketweb.com/trevlo-html/assets/vendors/jquery-ui/images/ui-bg_glass_65_ffffff_1x400.png]
[bracketweb.com/trevlo-html/assets/vendors/jquery-ui/images/ui-bg_glass_55_fbf9ee_1x400.png]
[bracketweb.com/trevlo-html/assets/vendors/jquery-ui/images/ui-bg_glass_95_fef1ec_1x400.png]
[bracketweb.com/trevlo-html/assets/vendors/jquery-ui/images/ui-icons_222222_256x240.png]
[bracketweb.com/trevlo-html/assets/vendors/jquery-ui/images/ui-icons_888888_256x240.png]
[bracketweb.com/trevlo-html/assets/vendors/jquery-ui/images/ui-icons_454545_256x240.png]
[bracketweb.com/trevlo-html/assets/vendors/jquery-ui/images/ui-icons_2e83ff_256x240.png]
[bracketweb.com/trevlo-html/assets/vendors/jquery-ui/images/ui-icons_cd0a0a_256x240.png]
[bracketweb.com/trevlo-html/assets/vendors/jquery-ui/jquery-ui.css]
[bracketweb.com/trevlo-html/assets/vendors/jarallax/jarallax.css]
[bracketweb.com/trevlo-html/assets/vendors/jquery-magnific-popup/jquery.magnific-popup.css]
[bracketweb.com/trevlo-html/assets/vendors/nouislider/nouislider.min.css]
[bracketweb.com/trevlo-html/assets/vendors/nouislider/nouislider.pips.css]
[bracketweb.com/trevlo-html/assets/vendors/tiny-slider/tiny-slider.css]
[bracketweb.com/trevlo-html/assets/vendors/trevlo-icons/fonts/icomoon9bc0.eot]
[bracketweb.com/trevlo-html/assets/vendors/trevlo-icons/fonts/icomoon9bc0.ttf]
[bracketweb.com/trevlo-html/assets/vendors/trevlo-icons/fonts/icomoon9bc0.woff]
[bracketweb.com/trevlo-html/assets/vendors/trevlo-icons/style.css]
[bracketweb.com/trevlo-html/assets/vendors/trevlo-one-icons/fonts/trevlo-onea7f7.eot]
[bracketweb.com/trevlo-html/assets/vendors/trevlo-icons/fonts/icomoon9bc0.svg]
[bracketweb.com/trevlo-html/assets/vendors/trevlo-one-icons/fonts/trevlo-onea7f7.ttf]
[bracketweb.com/trevlo-html/assets/vendors/trevlo-one-icons/fonts/trevlo-onea7f7.woff]
[bracketweb.com/trevlo-html/assets/vendors/trevlo-one-icons/style.css]
[bracketweb.com/trevlo-html/assets/vendors/daterangepicker-master/daterangepicker.css]
[bracketweb.com/trevlo-html/assets/vendors/trevlo-one-icons/fonts/trevlo-onea7f7.svg]
[bracketweb.com/trevlo-html/assets/vendors/owl-carousel/css/owl.video.play.png]
[bracketweb.com/trevlo-html/assets/vendors/owl-carousel/css/owl.carousel.min.css]
[bracketweb.com/trevlo-html/assets/vendors/owl-carousel/css/owl.theme.default.min.css]
[bracketweb.com/trevlo-html/assets/images/close.svg]
[bracketweb.com/trevlo-html/assets/images/backgrounds/page-header-bg.jpg]
[bracketweb.com/trevlo-html/assets/images/shapes/offer-border-3-1.png]
[bracketweb.com/trevlo-html/assets/images/shapes/feature-author-border-2-1.png]
[bracketweb.com/trevlo-html/assets/css/trevlo.css]
[bracketweb.com/trevlo-html/assets/css/color-1.css]
[bracketweb.com/trevlo-html/assets/css/color-2.css]
[bracketweb.com/trevlo-html/assets/images/loader.png]
[bracketweb.com/trevlo-html/assets/images/logo-light.png]
[bracketweb.com/trevlo-html/assets/images/backgrounds/slider-1-1.jpg]
[bracketweb.com/trevlo-html/assets/images/shapes/slider-1-shape-1.png]
[bracketweb.com/trevlo-html/assets/images/shapes/slider-1-shape-2.png]
[bracketweb.com/trevlo-html/assets/images/backgrounds/slider-1-2.jpg]
[bracketweb.com/trevlo-html/assets/images/backgrounds/slider-1-3.jpg]
[bracketweb.com/trevlo-html/assets/images/destination/destination-1-2.jpg]
[bracketweb.com/trevlo-html/assets/images/destination/destination-1-3.jpg]
[bracketweb.com/trevlo-html/assets/images/destination/destination-1-4.jpg]
[bracketweb.com/trevlo-html/assets/images/destination/destination-1-5.jpg]
[bracketweb.com/trevlo-html/assets/images/destination/destination-1-7.jpg]
[bracketweb.com/trevlo-html/assets/images/resources/about-1-1.jpg]
[bracketweb.com/trevlo-html/assets/images/resources/about-1-2.jpg]
[bracketweb.com/trevlo-html/assets/images/resources/about-1-3.jpg]
[bracketweb.com/trevlo-html/assets/images/shapes/about-1-shape-3.png]
[bracketweb.com/trevlo-html/assets/images/shapes/about-1-shape-4.png]
[bracketweb.com/trevlo-html/assets/images/shapes/about-1-shape-1.png]
[bracketweb.com/trevlo-html/assets/images/shapes/about-1-shape-2.png]
[bracketweb.com/trevlo-html/assets/images/backgrounds/tour-bg-1.jpg]
[bracketweb.com/trevlo-html/assets/images/tours/tour-3-1.jpg]
[bracketweb.com/trevlo-html/assets/images/tours/tour-3-2.jpg]
[bracketweb.com/trevlo-html/assets/images/tours/tour-3-3.jpg]
[bracketweb.com/trevlo-html/assets/images/resources/benefit-1-1.jpg]
[bracketweb.com/trevlo-html/assets/images/shapes/testimonial-1-bg-2.png]
[bracketweb.com/trevlo-html/assets/images/testimonial/testimonial-1-1.jpg]
[bracketweb.com/trevlo-html/assets/images/testimonial/testimonial-1-2.jpg]
[bracketweb.com/trevlo-html/assets/images/testimonial/testimonial-1-3.jpg]
[bracketweb.com/trevlo-html/assets/images/backgrounds/why-choose-bg-1.jpg]
[bracketweb.com/trevlo-html/assets/images/backgrounds/why-choose-bg-1-1.png]
[bracketweb.com/trevlo-html/assets/images/backgrounds/why-choose-bg-1-2.png]
[bracketweb.com/trevlo-html/assets/images/backgrounds/why-choose-bg-1-3.png]
[bracketweb.com/trevlo-html/assets/images/backgrounds/why-choose-bg-1-4.png]
[bracketweb.com/trevlo-html/assets/images/backgrounds/offer-1-bg.png]
[bracketweb.com/trevlo-html/assets/images/offer/offer-1-1.jpg]
[bracketweb.com/trevlo-html/assets/images/offer/offer-1-2.jpg]
[bracketweb.com/trevlo-html/assets/images/offer/offer-1-3.png]
[bracketweb.com/trevlo-html/assets/images/shapes/offer-shape-1.png]
[bracketweb.com/trevlo-html/assets/images/shapes/offer-shape-2.png]
[bracketweb.com/trevlo-html/assets/images/offer/offer-1-4.png]
[bracketweb.com/trevlo-html/assets/images/blog/blog-1-1.jpg]
[bracketweb.com/trevlo-html/assets/images/blog/blog-1-2.jpg]
[bracketweb.com/trevlo-html/assets/images/blog/blog-1-3.jpg]
[bracketweb.com/trevlo-html/assets/images/resources/brand-1-normal.png]
[bracketweb.com/trevlo-html/assets/images/resources/brand-1-hover.png]
[bracketweb.com/trevlo-html/assets/images/gallery/gallery-1-1.jpg]
[bracketweb.com/trevlo-html/assets/images/gallery/gallery-1-2.jpg]
[bracketweb.com/trevlo-html/assets/images/gallery/gallery-1-3.jpg]
[bracketweb.com/trevlo-html/assets/images/gallery/gallery-1-4.jpg]
[bracketweb.com/trevlo-html/assets/images/gallery/gallery-1-5.jpg]
[bracketweb.com/trevlo-html/assets/images/shapes/footer-bg-1-1.png]
[bracketweb.com/trevlo-html/assets/images/footer-logo-dark.png]
[bracketweb.com/trevlo-html/assets/images/logo-dark.png]
[bracketweb.com/trevlo-html/index.html]
[bracketweb.com/trevlo-html/assets/images/loader-2.png]
[bracketweb.com/trevlo-html/assets/images/logo-dark-2.png]
[bracketweb.com/trevlo-html/assets/images/shapes/main-header-shape-4-1.png]
[bracketweb.com/trevlo-html/assets/images/backgrounds/slider-4-1.jpg]
[bracketweb.com/trevlo-html/assets/images/backgrounds/slider-4-2.jpg]
[bracketweb.com/trevlo-html/assets/images/backgrounds/slider-4-3.jpg]
[bracketweb.com/trevlo-html/assets/images/destination/destination-4-1.jpg]
[bracketweb.com/trevlo-html/assets/images/destination/destination-4-2.jpg]
[bracketweb.com/trevlo-html/assets/images/destination/destination-4-3.jpg]
[bracketweb.com/trevlo-html/assets/images/shapes/destination-shape-4-1.png]
[bracketweb.com/trevlo-html/assets/images/shapes/destination-shape-4-2.png]
[bracketweb.com/trevlo-html/assets/images/about/about-5-1.jpg]
[bracketweb.com/trevlo-html/assets/images/about/about-5-2.jpg]
[bracketweb.com/trevlo-html/assets/images/resources/about-icon-5-1.png]
[bracketweb.com/trevlo-html/assets/images/shapes/about-sun-5-1.png]
[bracketweb.com/trevlo-html/assets/images/shapes/about-parashoot-5-1.png]
[bracketweb.com/trevlo-html/assets/images/shapes/about-shape-5-1.png]
[bracketweb.com/trevlo-html/assets/images/tours/tour-6-1.jpg]
[bracketweb.com/trevlo-html/assets/images/tours/tour-6-2.jpg]
[bracketweb.com/trevlo-html/assets/images/tours/tour-6-3.jpg]
[bracketweb.com/trevlo-html/assets/images/resources/tour-listing-img-4-1.png]
[bracketweb.com/trevlo-html/assets/images/resources/tour-listing-airplane-4-1.png]
[bracketweb.com/trevlo-html/assets/images/shapes/why-choose-bg-4-1.png]
[bracketweb.com/trevlo-html/assets/images/why-choose/why-choose-4-1.jpg]
[bracketweb.com/trevlo-html/assets/images/why-choose/why-choose-4-2.png]
[bracketweb.com/trevlo-html/assets/images/backgrounds/offer-bg-2-1.jpg]
[bracketweb.com/trevlo-html/assets/images/offer/offer-2-1.png]
[bracketweb.com/trevlo-html/assets/images/shapes/offer-border-2-1.png]
[bracketweb.com/trevlo-html/assets/images/shapes/offer-border-2-2.png]
[bracketweb.com/trevlo-html/assets/images/shapes/testimonial-bg-3-1.png]
[bracketweb.com/trevlo-html/assets/images/testimonial/testimonial-3-1.jpg]
[bracketweb.com/trevlo-html/assets/images/testimonial/testimonial-3-2.jpg]
[bracketweb.com/trevlo-html/assets/images/testimonial/testimonial-3-3.jpg]
[bracketweb.com/trevlo-html/assets/images/blog/blog-4-1.jpg]
[bracketweb.com/trevlo-html/assets/images/blog/blog-4-2.jpg]
[bracketweb.com/trevlo-html/assets/images/blog/blog-4-3.jpg]
[bracketweb.com/trevlo-html/assets/images/resources/brand-3-1.png]
[bracketweb.com/trevlo-html/assets/images/resources/brand-3-1-hover.png]
[bracketweb.com/trevlo-html/assets/images/resources/brand-3-2.png]
[bracketweb.com/trevlo-html/assets/images/resources/brand-3-2-hover.png]
[bracketweb.com/trevlo-html/assets/images/resources/brand-3-3.png]
[bracketweb.com/trevlo-html/assets/images/resources/brand-3-3-hover.png]
[bracketweb.com/trevlo-html/assets/images/resources/brand-3-4.png]
[bracketweb.com/trevlo-html/assets/images/resources/brand-3-4-hover.png]
[bracketweb.com/trevlo-html/assets/images/resources/brand-3-5.png]
[bracketweb.com/trevlo-html/assets/images/resources/brand-3-5-hover.png]
[bracketweb.com/trevlo-html/assets/images/shapes/footer-bg-2-1.png]
[bracketweb.com/trevlo-html/assets/images/shapes/footer-top-bg-2-1.png]
[bracketweb.com/trevlo-html/assets/images/resources/footer-image-2-1.jpg]
[bracketweb.com/trevlo-html/assets/images/logo-light-3.png]
[bracketweb.com/trevlo-html/index-4.html]
[bracketweb.com/trevlo-html/assets/images/home-showcase/home-showcase-1.jpg]
[bracketweb.com/trevlo-html/assets/images/home-showcase/home-showcase-2.jpg]
[bracketweb.com/trevlo-html/assets/images/home-showcase/home-showcase-3.jpg]
[bracketweb.com/trevlo-html/assets/images/home-showcase/home-showcase-4.jpg]
[bracketweb.com/trevlo-html/assets/images/home-showcase/home-showcase-5.jpg]
[bracketweb.com/trevlo-html/assets/images/home-showcase/home-showcase-6.jpg]
[bracketweb.com/trevlo-html/index-4-one-page.html]
[bracketweb.com/trevlo-html/index-5-one-page.html]
[bracketweb.com/trevlo-html/index-one-page.html]
[bracketweb.com/trevlo-html/assets/images/shapes/slider-2-shape-1.png]
[bracketweb.com/trevlo-html/assets/images/shapes/slider-2-shape-2.png]
[bracketweb.com/trevlo-html/assets/images/backgrounds/slider-2-1.jpg]
[bracketweb.com/trevlo-html/assets/images/backgrounds/slider-2-2.jpg]
[bracketweb.com/trevlo-html/assets/images/shapes/feature-bg-1.png]
[bracketweb.com/trevlo-html/assets/images/resources/about-2-1.jpg]
[bracketweb.com/trevlo-html/assets/images/resources/about-2-2.jpg]
[bracketweb.com/trevlo-html/assets/images/shapes/about-2-shape.png]
[bracketweb.com/trevlo-html/assets/images/destination/destination-2-1.jpg]
[bracketweb.com/trevlo-html/assets/images/destination/destination-2-2.jpg]
[bracketweb.com/trevlo-html/assets/images/destination/destination-2-3.jpg]
[bracketweb.com/trevlo-html/assets/images/destination/destination-2-4.jpg]
[bracketweb.com/trevlo-html/assets/images/destination/destination-2-5.jpg]
[bracketweb.com/trevlo-html/assets/images/destination/destination-2-6.jpg]
[bracketweb.com/trevlo-html/assets/images/destination/destination-2-7.jpg]
[bracketweb.com/trevlo-html/assets/images/destination/destination-2-8.jpg]
[bracketweb.com/trevlo-html/assets/images/shapes/tour-bg-2.png]
[bracketweb.com/trevlo-html/assets/images/tours/tour-2-1.jpg]
[bracketweb.com/trevlo-html/assets/images/tours/tour-2-2.jpg]
[bracketweb.com/trevlo-html/assets/images/tours/tour-2-3.jpg]
[bracketweb.com/trevlo-html/assets/images/tours/tour-2-4.jpg]
[bracketweb.com/trevlo-html/assets/images/shapes/benefit-bg-2.png]
[bracketweb.com/trevlo-html/assets/images/resources/benefit-2-1.jpg]
[bracketweb.com/trevlo-html/assets/images/backgrounds/tetsimonial-1-bg.png]
[bracketweb.com/trevlo-html/assets/images/testimonial/testimonial-2-1.jpg]
[bracketweb.com/trevlo-html/assets/images/testimonial/testimonial-2-2.jpg]
[bracketweb.com/trevlo-html/assets/images/testimonial/testimonial-2-3.jpg]
[bracketweb.com/trevlo-html/assets/images/shapes/counter-bg-2.png]
[bracketweb.com/trevlo-html/assets/images/why-choose/why-choose-2-1.jpg]
[bracketweb.com/trevlo-html/assets/images/why-choose/why-choose-2-2.jpg]
[bracketweb.com/trevlo-html/assets/images/why-choose/why-choose-2-3.jpg]
[bracketweb.com/trevlo-html/assets/images/why-choose/why-choose-2-4.jpg]
[bracketweb.com/trevlo-html/assets/images/shapes/tab-bg-1.png]
[bracketweb.com/trevlo-html/assets/images/resources/tab-1-1.jpg]
[bracketweb.com/trevlo-html/assets/images/resources/tab-1-2.jpg]
[bracketweb.com/trevlo-html/assets/images/resources/tab-1-3.jpg]
[bracketweb.com/trevlo-html/assets/images/resources/tab-1-4.jpg]
[bracketweb.com/trevlo-html/assets/images/resources/tab-1-5.jpg]
[bracketweb.com/trevlo-html/assets/images/resources/tab-1-6.jpg]
[bracketweb.com/trevlo-html/assets/images/resources/brand-2-normal.png]
[bracketweb.com/trevlo-html/assets/images/resources/brand-2-hover.png]
[bracketweb.com/trevlo-html/assets/images/blog/blog-1-7.jpg]
[bracketweb.com/trevlo-html/assets/images/blog/blog-1-8.jpg]
[bracketweb.com/trevlo-html/assets/images/blog/blog-1-9.jpg]
[bracketweb.com/trevlo-html/assets/images/shapes/cta-bg-1.png]
[bracketweb.com/trevlo-html/assets/images/shapes/cta-1-shape-1.png]
[bracketweb.com/trevlo-html/assets/images/shapes/cta-1-shape-2.png]
[bracketweb.com/trevlo-html/assets/images/shapes/cta-1-shape-3.png]
[bracketweb.com/trevlo-html/assets/images/resources/cta-1-1.jpg]
[bracketweb.com/trevlo-html/assets/images/shapes/cta-1-shape-offer.png]
[bracketweb.com/trevlo-html/index-2.html]
[bracketweb.com/trevlo-html/index-2-one-page.html]
[bracketweb.com/trevlo-html/assets/images/resources/slider-3-author-1.png]
[bracketweb.com/trevlo-html/assets/images/resources/slider-3-author-2.png]
[bracketweb.com/trevlo-html/assets/images/resources/slider-3-author-3.png]
[bracketweb.com/trevlo-html/assets/images/resources/slider-3-author-4.png]
[bracketweb.com/trevlo-html/assets/images/resources/slider-3-author-5.png]
[bracketweb.com/trevlo-html/assets/images/resources/slider-3-author-6.png]
[bracketweb.com/trevlo-html/assets/images/shapes/slider-3-shape-1.png]
[bracketweb.com/trevlo-html/assets/images/backgrounds/slider-3-1.jpg]
[bracketweb.com/trevlo-html/assets/images/resources/tour-type-1-1.jpg]
[bracketweb.com/trevlo-html/assets/images/resources/tour-type-1-2.jpg]
[bracketweb.com/trevlo-html/assets/images/resources/tour-type-2-1.jpg]
[bracketweb.com/trevlo-html/assets/images/resources/tour-type-2-2.jpg]
[bracketweb.com/trevlo-html/assets/images/resources/tour-type-3-1.jpg]
[bracketweb.com/trevlo-html/assets/images/resources/tour-type-3-2.jpg]
[bracketweb.com/trevlo-html/assets/images/resources/tour-type-4-1.jpg]
[bracketweb.com/trevlo-html/assets/images/resources/tour-type-4-2.jpg]
[bracketweb.com/trevlo-html/assets/images/resources/about-3-1.jpg]
[bracketweb.com/trevlo-html/assets/images/resources/about-3-2.png]
[bracketweb.com/trevlo-html/assets/images/tours/tour-4-1.jpg]
[bracketweb.com/trevlo-html/assets/images/tours/tour-4-2.jpg]
[bracketweb.com/trevlo-html/assets/images/tours/tour-4-3.jpg]
[bracketweb.com/trevlo-html/assets/images/tours/tour-4-4.jpg]
[bracketweb.com/trevlo-html/assets/images/resources/cta-3-1.jpg]
[bracketweb.com/trevlo-html/assets/images/shapes/cta-3-2.png]
[bracketweb.com/trevlo-html/assets/images/shapes/cta-3-3.png]
[bracketweb.com/trevlo-html/assets/images/backgrounds/video-bg-1.jpg]
[bracketweb.com/trevlo-html/assets/images/shapes/tour-type-bg.png]
[bracketweb.com/trevlo-html/assets/images/shapes/counter-bg-3.png]
[bracketweb.com/trevlo-html/assets/images/destination/destination-3-1.jpg]
[bracketweb.com/trevlo-html/assets/images/destination/destination-3-2.jpg]
[bracketweb.com/trevlo-html/assets/images/destination/destination-3-3.jpg]
[bracketweb.com/trevlo-html/assets/images/destination/destination-3-4.jpg]
[bracketweb.com/trevlo-html/assets/images/destination/destination-3-5.jpg]
[bracketweb.com/trevlo-html/assets/images/destination/destination-3-6.jpg]
[bracketweb.com/trevlo-html/assets/images/shapes/why-choose-3-bg.png]
[bracketweb.com/trevlo-html/assets/images/resources/why-choose-3.jpg]
[bracketweb.com/trevlo-html/assets/images/blog/blog-2-author.jpg]
[bracketweb.com/trevlo-html/assets/images/blog/blog-2-1.jpg]
[bracketweb.com/trevlo-html/assets/images/blog/blog-2-2.jpg]
[bracketweb.com/trevlo-html/index-3.html]
[bracketweb.com/trevlo-html/index-3-one-page.html]
[bracketweb.com/trevlo-html/assets/css/trevlo-dark.css]
[bracketweb.com/trevlo-html/assets/images/shapes/about-1-shape-1-dark.png]
[bracketweb.com/trevlo-html/assets/images/shapes/about-1-shape-2-dark.png]
[bracketweb.com/trevlo-html/assets/images/backgrounds/tour-bg-1-dark.jpg]
[bracketweb.com/trevlo-html/assets/images/shapes/testimonial-1-bg-2-dark.png]
[bracketweb.com/trevlo-html/assets/images/offer/offer-1-4-dark.png]
[bracketweb.com/trevlo-html/index-dark.html]
[bracketweb.com/trevlo-html/index-boxed.html]
[bracketweb.com/trevlo-html/assets/css/trevlo-custom-rtl.css]
[bracketweb.com/trevlo-html/assets/css/trevlo-rtl.css]
[bracketweb.com/trevlo-html/assets/vendors/trevlo-toolbar/css/trevlo-toolbar.css]
[bracketweb.com/trevlo-html/assets/images/shapes/about-1-shape-2-rtl.png]
[bracketweb.com/trevlo-html/assets/images/shapes/offer-shape-1-rtl.png]
[bracketweb.com/trevlo-html/assets/images/shapes/offer-shape-2-rtl.png]
[bracketweb.com/trevlo-html/assets/images/offer/offer-1-4-rtl.png]
[bracketweb.com/trevlo-html/assets/vendors/trevlo-toolbar/js/js.cookie.min.js]
[bracketweb.com/trevlo-html/assets/vendors/trevlo-toolbar/js/jQuery.style.switcher.min.js]
[bracketweb.com/trevlo-html/assets/vendors/trevlo-toolbar/js/lang.js]
[translate.google.com/translate_a/elementa0d8.js]
[bracketweb.com/trevlo-html/assets/vendors/trevlo-toolbar/js/trevlo-toolbar.js]
[bracketweb.com/trevlo-html/index-rtl.html]
[bracketweb.com/trevlo-html/assets/images/about/about-4-1.jpg]
[bracketweb.com/trevlo-html/assets/images/shapes/about-shape-4-1.png]
[bracketweb.com/trevlo-html/assets/images/shapes/about-shape-4-2.png]
[bracketweb.com/trevlo-html/assets/images/about/about-4-2.jpg]
[bracketweb.com/trevlo-html/assets/images/guide/guide-1-1.jpg]
[bracketweb.com/trevlo-html/assets/images/guide/guide-1-2.jpg]
[bracketweb.com/trevlo-html/assets/images/guide/guide-1-3.jpg]
[bracketweb.com/trevlo-html/about.html]
[bracketweb.com/trevlo-html/assets/images/destination/destination-1-1.jpg]
[bracketweb.com/trevlo-html/assets/images/destination/destination-1-8.jpg]
[bracketweb.com/trevlo-html/assets/images/destination/destination-1-9.jpg]
[bracketweb.com/trevlo-html/assets/images/destination/destination-1-10.jpg]
[bracketweb.com/trevlo-html/assets/images/destination/destination-1-11.jpg]
[bracketweb.com/trevlo-html/destination-1.html]
[bracketweb.com/trevlo-html/destination-2.html]
[bracketweb.com/trevlo-html/destination-carousel.html]
[bracketweb.com/trevlo-html/destination-carousel-2.html]
[bracketweb.com/trevlo-html/assets/images/destination/destination-details-1.jpg]
[bracketweb.com/trevlo-html/destination-details.html]
[bracketweb.com/trevlo-html/assets/images/destination/destination-tour-1.jpg]
[bracketweb.com/trevlo-html/assets/images/destination/destination-tour-2.jpg]
[bracketweb.com/trevlo-html/assets/images/destination/destination-tour-3.jpg]
[bracketweb.com/trevlo-html/assets/images/destination/destination-discount.jpg]
[bracketweb.com/trevlo-html/destination-details-left.html]
[bracketweb.com/trevlo-html/destination-details-right.html]
[bracketweb.com/trevlo-html/assets/images/tours/tour-3-4.jpg]
[bracketweb.com/trevlo-html/assets/images/tours/tour-3-5.jpg]
[bracketweb.com/trevlo-html/assets/images/tours/tour-3-6.jpg]
[bracketweb.com/trevlo-html/tour-listing-1.html]
[bracketweb.com/trevlo-html/assets/images/tours/tour-4-5.jpg]
[bracketweb.com/trevlo-html/assets/images/tours/tour-4-6.jpg]
[bracketweb.com/trevlo-html/tour-listing-2.html]
[bracketweb.com/trevlo-html/tour-listing-carousel-1.html]
[bracketweb.com/trevlo-html/tour-listing-carousel-2.html]
[bracketweb.com/trevlo-html/tour-listing-top-search.html]
[bracketweb.com/trevlo-html/assets/images/tours/tour-3-7.jpg]
[bracketweb.com/trevlo-html/assets/images/tours/tour-3-8.jpg]
[bracketweb.com/trevlo-html/tour-listing-side-filter.html]
[bracketweb.com/trevlo-html/assets/images/tours/tour-listing-details-post-1.jpg]
[bracketweb.com/trevlo-html/assets/images/tours/tour-listing-details-post-2.jpg]
[bracketweb.com/trevlo-html/assets/images/tours/tour-listing-details-post-3.jpg]
[bracketweb.com/trevlo-html/tour-listing-side-filter-left.html]
[bracketweb.com/trevlo-html/tour-listing-side-filter-right.html]
[bracketweb.com/trevlo-html/assets/images/tours/tour-5-1.jpg]
[bracketweb.com/trevlo-html/assets/images/tours/tour-5-2.jpg]
[bracketweb.com/trevlo-html/assets/images/tours/tour-5-3.jpg]
[bracketweb.com/trevlo-html/assets/images/tours/tour-5-4.jpg]
[bracketweb.com/trevlo-html/assets/images/tours/tour-5-5.jpg]
[bracketweb.com/trevlo-html/assets/images/tours/tour-5-6.jpg]
[bracketweb.com/trevlo-html/tour-listing-list-style.html]
[bracketweb.com/trevlo-html/tour-listing-list-style-left.html]
[bracketweb.com/trevlo-html/tour-listing-list-style-right.html]
[bracketweb.com/trevlo-html/assets/images/tours/tour-listing-details-carousel-1.jpg]
[bracketweb.com/trevlo-html/assets/images/tours/tour-listing-details-carousel-2.jpg]
[bracketweb.com/trevlo-html/assets/images/tours/tour-listing-details-carousel-3.jpg]
[bracketweb.com/trevlo-html/assets/images/tours/tour-listing-details-carousel-4.jpg]
[bracketweb.com/trevlo-html/assets/images/tours/tour-listing-details-carousel-5.jpg]
[bracketweb.com/trevlo-html/assets/images/tours/review-1.jpg]
[bracketweb.com/trevlo-html/assets/images/tours/review-2.jpg]
[bracketweb.com/trevlo-html/tour-listing-details.html]
[bracketweb.com/trevlo-html/tour-listing-details-left.html]
[bracketweb.com/trevlo-html/tour-listing-details-right.html]
[bracketweb.com/trevlo-html/assets/images/tours/tour-listing-details-slide-1.jpg]
[bracketweb.com/trevlo-html/assets/images/tours/tour-listing-details-slide-2.jpg]
[bracketweb.com/trevlo-html/assets/images/tours/tour-listing-details-slide-3.jpg]
[bracketweb.com/trevlo-html/assets/images/tours/tour-listing-details-slide-4.jpg]
[bracketweb.com/trevlo-html/assets/images/tours/tour-listing-details-slide-5.jpg]
[bracketweb.com/trevlo-html/tour-listing-details-2.html]
[bracketweb.com/trevlo-html/tour-listing-details-2-left.html]
[bracketweb.com/trevlo-html/tour-listing-details-2-right.html]
[bracketweb.com/trevlo-html/assets/images/guide/guide-2-1.jpg]
[bracketweb.com/trevlo-html/assets/images/guide/guide-2-2.jpg]
[bracketweb.com/trevlo-html/assets/images/guide/guide-2-3.jpg]
[bracketweb.com/trevlo-html/assets/images/guide/guide-2-4.jpg]
[bracketweb.com/trevlo-html/assets/images/guide/guide-2-5.jpg]
[bracketweb.com/trevlo-html/assets/images/guide/guide-2-6.jpg]
[bracketweb.com/trevlo-html/our-guide.html]
[bracketweb.com/trevlo-html/our-guide-carousel.html]
[bracketweb.com/trevlo-html/assets/images/gallery/gallery-3-1.jpg]
[bracketweb.com/trevlo-html/assets/images/gallery/gallery-3-2.jpg]
[bracketweb.com/trevlo-html/assets/images/gallery/gallery-3-3.jpg]
[bracketweb.com/trevlo-html/assets/images/gallery/gallery-3-4.jpg]
[bracketweb.com/trevlo-html/assets/images/gallery/gallery-3-5.jpg]
[bracketweb.com/trevlo-html/assets/images/gallery/gallery-3-6.jpg]
[bracketweb.com/trevlo-html/assets/images/gallery/gallery-3-7.jpg]
[bracketweb.com/trevlo-html/assets/images/gallery/gallery-3-8.jpg]
[bracketweb.com/trevlo-html/assets/images/gallery/gallery-3-9.jpg]
[bracketweb.com/trevlo-html/gallery.html]
[bracketweb.com/trevlo-html/gallery-carousel.html]
[bracketweb.com/trevlo-html/faq.html]
[bracketweb.com/trevlo-html/assets/images/pricing/pricing-bg-1-1.jpg]
[bracketweb.com/trevlo-html/assets/images/pricing/pricing-bg-1-2.jpg]
[bracketweb.com/trevlo-html/assets/images/pricing/pricing-bg-1-3.jpg]
[bracketweb.com/trevlo-html/pricing.html]
[bracketweb.com/trevlo-html/pricing-carousel.html]
[bracketweb.com/trevlo-html/login.html]
[bracketweb.com/trevlo-html/assets/images/shapes/error-shape-1-1.png]
[bracketweb.com/trevlo-html/assets/images/resources/error-1-1.png]
[bracketweb.com/trevlo-html/404.html]
[bracketweb.com/trevlo-html/assets/images/products/product-1-1.png]
[bracketweb.com/trevlo-html/assets/images/products/product-1-2.png]
[bracketweb.com/trevlo-html/assets/images/products/product-1-3.png]
[bracketweb.com/trevlo-html/assets/images/products/product-1-4.png]
[bracketweb.com/trevlo-html/assets/images/products/product-1-5.png]
[bracketweb.com/trevlo-html/assets/images/products/product-1-6.png]
[bracketweb.com/trevlo-html/assets/images/products/product-1-7.png]
[bracketweb.com/trevlo-html/assets/images/products/product-1-8.png]
[bracketweb.com/trevlo-html/products.html]
[bracketweb.com/trevlo-html/assets/images/products/product-1-9.png]
[bracketweb.com/trevlo-html/products-left.html]
[bracketweb.com/trevlo-html/products-right.html]
[bracketweb.com/trevlo-html/products-carousel.html]
[bracketweb.com/trevlo-html/assets/images/products/product-details-1.png]
[bracketweb.com/trevlo-html/assets/images/products/review-1.jpg]
[bracketweb.com/trevlo-html/assets/images/products/review-2.jpg]
[bracketweb.com/trevlo-html/product-details.html]
[bracketweb.com/trevlo-html/assets/images/products/cart-image-1.png]
[bracketweb.com/trevlo-html/assets/images/products/cart-image-2.png]
[bracketweb.com/trevlo-html/cart.html]
[bracketweb.com/trevlo-html/checkout.html]
[bracketweb.com/trevlo-html/assets/images/blog/blog-1-4.jpg]
[bracketweb.com/trevlo-html/assets/images/blog/blog-1-5.jpg]
[bracketweb.com/trevlo-html/assets/images/blog/blog-1-6.jpg]
[bracketweb.com/trevlo-html/blog-grid.html]
[bracketweb.com/trevlo-html/assets/images/blog/latest-post-1-1.jpg]
[bracketweb.com/trevlo-html/assets/images/blog/latest-post-1-2.jpg]
[bracketweb.com/trevlo-html/assets/images/blog/latest-post-1-3.jpg]
[bracketweb.com/trevlo-html/blog-grid-left.html]
[bracketweb.com/trevlo-html/blog-grid-right.html]
[bracketweb.com/trevlo-html/assets/images/blog/blog-3-1.jpg]
[bracketweb.com/trevlo-html/assets/images/blog/blog-3-2.jpg]
[bracketweb.com/trevlo-html/assets/images/blog/blog-3-3.jpg]
[bracketweb.com/trevlo-html/blog-list.html]
[bracketweb.com/trevlo-html/blog-list-left.html]
[bracketweb.com/trevlo-html/blog-list-right.html]
[bracketweb.com/trevlo-html/blog-carousel.html]
[bracketweb.com/trevlo-html/assets/images/blog/blog-details-1.jpg]
[bracketweb.com/trevlo-html/assets/images/blog/blog-comment-1-1.jpg]
[bracketweb.com/trevlo-html/assets/images/blog/blog-comment-1-2.jpg]
[bracketweb.com/trevlo-html/blog-details.html]
[bracketweb.com/trevlo-html/blog-details-left.html]
[bracketweb.com/trevlo-html/blog-details-right.html]
[bracketweb.com/trevlo-html/contact.html]
[bracketweb.com/trevlo-html/blog.html]
[bracketweb.com/trevlo-html/destinations.html]
[bracketweb.com/trevlo-html/assets/vendors/fontawesome/webfonts/fa-brands-400.svg]
[bracketweb.com/trevlo-html/assets/vendors/fontawesome/webfonts/fa-regular-400.svg]
[bracketweb.com/trevlo-html/assets/vendors/fontawesome/webfonts/fa-solid-900.svg]
[bracketweb.com/trevlo-html/assets/vendors/trevlo-icons/fonts/icomoon9bc0.svg]
[bracketweb.com/trevlo-html/assets/vendors/trevlo-one-icons/fonts/trevlo-onea7f7.svg]
[bracketweb.com/trevlo-html/assets/images/close.svg]
[bracketweb.com/trevlo-html/assets/css/trevlo-dark.css]
[bracketweb.com/trevlo-html/assets/css/trevlo-rtl.css]
[bracketweb.com/trevlo-html/assets/css/trevlo-custom-rtl.css]
[bracketweb.com/trevlo-html/assets/vendors/trevlo-toolbar/css/trevlo-toolbar.css]
